<?xml version="1.0" encoding="UTF-8"?>
<testsuite xmlns:xsi="http://www.w3.org/2001/XMLSchema-instance" xsi:noNamespaceSchemaLocation="https://maven.apache.org/surefire/maven-surefire-plugin/xsd/surefire-test-report-3.0.xsd" version="3.0" name="TestSuite" time="251.178" tests="3" errors="0" skipped="0" failures="3">
  <properties>
[...]
</properties>
  <testcase name="insurance_Calculate[{Insurant_Country=India, Vehicle_Annual_Mileage=100.0, Insurant_Firstname=prakash, Insurant_Lastname=NNNN, Producy_Damageinsurance=Partial Coverage, Vehicle_Date_Of_Manufacture=09/04/2001, Insurant_Hobby=Speeding,Other, Product_Start_Date=12/12/2020, priceValidation_Platinum=1379.0, Product_Optionalproduct=Euro Protection, Vehicle_Eng_Performance=666.0, Vehicle_Make=Honda, Vehicle_List_Price=888.0, priceValidation_Silver=701.0, priceValidation_Ultimate=2621.0, Inusrant_Gender=Male, TC no=1.0, Vehicle_Model=Motorcycle, Insurant_DateofBirth=12/12/1996, Insurant_Occupation=Farmer, Vehicle_No_of_Seats_Motorcycle=2.0, Vehicle_CylinderCapcity=333.0, priceValidation_Gold=238.0, TC Name=Verify Insurance  premium for Honda Motor Cycle, Insurant_Zipcode=444061.0, Product_Insurancesum=5.000.000,00, select_Option=Silver, ?=?}](1)" classname="com.insurance_calaculation_motorcycle.EndtoEnd_Test_Motorcycle" time="52.609">
    <failure message="value is not present in dropdown for WebElement:[[ChromeDriver: chrome on WINDOWS (272ba9afd317dbf93a96ebfc41c746b1)] -&gt; id: numberofseatsmotorcycle]Value to be selected is:2.0" type="java.lang.Exception"><![CDATA[java.lang.Exception: value is not present in dropdown for WebElement:[[ChromeDriver: chrome on WINDOWS (272ba9afd317dbf93a96ebfc41c746b1)] -> id: numberofseatsmotorcycle]Value to be selected is:2.0
	at com.reusablecomponent.Common_Methods.selectDropdownOption(Common_Methods.java:22)
	at com.pageobjects.Enter_Vehicle_DataPage.enter_VechicleData(Enter_Vehicle_DataPage.java:84)
	at com.insurance_calaculation_motorcycle.EndtoEnd_Test_Motorcycle.insurance_Calculate(EndtoEnd_Test_Motorcycle.java:35)
	at sun.reflect.NativeMethodAccessorImpl.invoke0(Native Method)
	at sun.reflect.NativeMethodAccessorImpl.invoke(Unknown Source)
	at sun.reflect.DelegatingMethodAccessorImpl.invoke(Unknown Source)
	at java.lang.reflect.Method.invoke(Unknown Source)
	at org.testng.internal.MethodInvocationHelper.invokeMethod(MethodInvocationHelper.java:134)
	at org.testng.internal.TestInvoker.invokeMethod(TestInvoker.java:597)
	at org.testng.internal.TestInvoker.invokeTestMethod(TestInvoker.java:173)
	at org.testng.internal.MethodRunner.runInSequence(MethodRunner.java:46)
	at org.testng.internal.TestInvoker$MethodInvocationAgent.invoke(TestInvoker.java:816)
	at org.testng.internal.TestInvoker.invokeTestMethods(TestInvoker.java:146)
	at org.testng.internal.TestMethodWorker.invokeTestMethods(TestMethodWorker.java:146)
	at org.testng.internal.TestMethodWorker.run(TestMethodWorker.java:128)
	at java.util.ArrayList.forEach(Unknown Source)
	at org.testng.TestRunner.privateRun(TestRunner.java:766)
	at org.testng.TestRunner.run(TestRunner.java:587)
	at org.testng.SuiteRunner.runTest(SuiteRunner.java:384)
	at org.testng.SuiteRunner.runSequentially(SuiteRunner.java:378)
	at org.testng.SuiteRunner.privateRun(SuiteRunner.java:337)
	at org.testng.SuiteRunner.run(SuiteRunner.java:286)
	at org.testng.SuiteRunnerWorker.runSuite(SuiteRunnerWorker.java:53)
	at org.testng.SuiteRunnerWorker.run(SuiteRunnerWorker.java:96)
	at org.testng.TestNG.runSuitesSequentially(TestNG.java:1187)
	at org.testng.TestNG.runSuitesLocally(TestNG.java:1109)
	at org.testng.TestNG.runSuites(TestNG.java:1039)
	at org.testng.TestNG.run(TestNG.java:1007)
	at org.apache.maven.surefire.testng.TestNGExecutor.run(TestNGExecutor.java:324)
	at org.apache.maven.surefire.testng.TestNGXmlTestSuite.execute(TestNGXmlTestSuite.java:74)
	at org.apache.maven.surefire.testng.TestNGProvider.invoke(TestNGProvider.java:123)
	at org.apache.maven.surefire.booter.ForkedBooter.runSuitesInProcess(ForkedBooter.java:456)
	at org.apache.maven.surefire.booter.ForkedBooter.execute(ForkedBooter.java:169)
	at org.apache.maven.surefire.booter.ForkedBooter.run(ForkedBooter.java:595)
	at org.apache.maven.surefire.booter.ForkedBooter.main(ForkedBooter.java:581)
]]></failure>
    <system-err><![CDATA[SLF4J: Failed to load class "org.slf4j.impl.StaticLoggerBinder".
SLF4J: Defaulting to no-operation (NOP) logger implementation
SLF4J: See http://www.slf4j.org/codes.html#StaticLoggerBinder for further details.
Cleaning up unclosed ZipFile for archive C:\Users\admin\eclipse-workspace\Training.insuranceCalculator\src\test\resources\testData\Vehicle_Insurance_Calculator_TestData.xlsx
Cleaning up unclosed ZipFile for archive C:\Users\admin\eclipse-workspace\Training.insuranceCalculator\src\test\resources\testData\Vehicle_Insurance_Calculator_TestData.xlsx
Cleaning up unclosed ZipFile for archive C:\Users\admin\eclipse-workspace\Training.insuranceCalculator\src\test\resources\testData\Vehicle_Insurance_Calculator_TestData.xlsx
Starting ChromeDriver 105.0.5195.52 (412c95e518836d8a7d97250d62b29c2ae6a26a85-refs/branch-heads/5195@{#853}) on port 42435
Only local connections are allowed.
Please see https://chromedriver.chromium.org/security-considerations for suggestions on keeping ChromeDriver safe.
ChromeDriver was started successfully.
Sep 27, 2022 7:40:44 AM org.openqa.selenium.remote.ProtocolHandshake createSession
INFO: Detected dialect: W3C
]]></system-err>
  </testcase>
  <testcase name="insurance_Calculate[{Insurant_Country=Sweden, Vehicle_Annual_Mileage=100.0, Insurant_Firstname=Seema, Insurant_Lastname=NNNN, Producy_Damageinsurance=Partial Coverage, Vehicle_Date_Of_Manufacture=09/04/2001, Insurant_Hobby=Speeding,Other, Product_Start_Date=12/12/2025, priceValidation_Platinum=1379.0, Product_Optionalproduct=Euro Protection, Vehicle_Eng_Performance=900.0, Vehicle_Make=Volvo, Vehicle_List_Price=888.0, priceValidation_Silver=702.0, priceValidation_Ultimate=2622.0, Inusrant_Gender=Female, TC no=2.0, Vehicle_Model=Scooter, Insurant_DateofBirth=12/12/1997, Insurant_Occupation=Farmer, Vehicle_No_of_Seats_Motorcycle=2.0, Vehicle_CylinderCapcity=900.0, priceValidation_Gold=238.0, TC Name=Verify Insurance  premium for Volvo Scooter, Insurant_Zipcode=444061.0, Product_Insurancesum=20.000.000,00, select_Option=Gold, ?=?}](2)" classname="com.insurance_calaculation_motorcycle.EndtoEnd_Test_Motorcycle" time="23.178">
    <failure message="value is not present in dropdown for WebElement:[[ChromeDriver: chrome on WINDOWS (0dea31cac65a6263e71a009dd64aa72f)] -&gt; id: numberofseatsmotorcycle]Value to be selected is:2.0" type="java.lang.Exception"><![CDATA[java.lang.Exception: value is not present in dropdown for WebElement:[[ChromeDriver: chrome on WINDOWS (0dea31cac65a6263e71a009dd64aa72f)] -> id: numberofseatsmotorcycle]Value to be selected is:2.0
	at com.reusablecomponent.Common_Methods.selectDropdownOption(Common_Methods.java:22)
	at com.pageobjects.Enter_Vehicle_DataPage.enter_VechicleData(Enter_Vehicle_DataPage.java:84)
	at com.insurance_calaculation_motorcycle.EndtoEnd_Test_Motorcycle.insurance_Calculate(EndtoEnd_Test_Motorcycle.java:35)
	at sun.reflect.NativeMethodAccessorImpl.invoke0(Native Method)
	at sun.reflect.NativeMethodAccessorImpl.invoke(Unknown Source)
	at sun.reflect.DelegatingMethodAccessorImpl.invoke(Unknown Source)
	at java.lang.reflect.Method.invoke(Unknown Source)
	at org.testng.internal.MethodInvocationHelper.invokeMethod(MethodInvocationHelper.java:134)
	at org.testng.internal.TestInvoker.invokeMethod(TestInvoker.java:597)
	at org.testng.internal.TestInvoker.invokeTestMethod(TestInvoker.java:173)
	at org.testng.internal.MethodRunner.runInSequence(MethodRunner.java:46)
	at org.testng.internal.TestInvoker$MethodInvocationAgent.invoke(TestInvoker.java:816)
	at org.testng.internal.TestInvoker.invokeTestMethods(TestInvoker.java:146)
	at org.testng.internal.TestMethodWorker.invokeTestMethods(TestMethodWorker.java:146)
	at org.testng.internal.TestMethodWorker.run(TestMethodWorker.java:128)
	at java.util.ArrayList.forEach(Unknown Source)
	at org.testng.TestRunner.privateRun(TestRunner.java:766)
	at org.testng.TestRunner.run(TestRunner.java:587)
	at org.testng.SuiteRunner.runTest(SuiteRunner.java:384)
	at org.testng.SuiteRunner.runSequentially(SuiteRunner.java:378)
	at org.testng.SuiteRunner.privateRun(SuiteRunner.java:337)
	at org.testng.SuiteRunner.run(SuiteRunner.java:286)
	at org.testng.SuiteRunnerWorker.runSuite(SuiteRunnerWorker.java:53)
	at org.testng.SuiteRunnerWorker.run(SuiteRunnerWorker.java:96)
	at org.testng.TestNG.runSuitesSequentially(TestNG.java:1187)
	at org.testng.TestNG.runSuitesLocally(TestNG.java:1109)
	at org.testng.TestNG.runSuites(TestNG.java:1039)
	at org.testng.TestNG.run(TestNG.java:1007)
	at org.apache.maven.surefire.testng.TestNGExecutor.run(TestNGExecutor.java:324)
	at org.apache.maven.surefire.testng.TestNGXmlTestSuite.execute(TestNGXmlTestSuite.java:74)
	at org.apache.maven.surefire.testng.TestNGProvider.invoke(TestNGProvider.java:123)
	at org.apache.maven.surefire.booter.ForkedBooter.runSuitesInProcess(ForkedBooter.java:456)
	at org.apache.maven.surefire.booter.ForkedBooter.execute(ForkedBooter.java:169)
	at org.apache.maven.surefire.booter.ForkedBooter.run(ForkedBooter.java:595)
	at org.apache.maven.surefire.booter.ForkedBooter.main(ForkedBooter.java:581)
]]></failure>
    <system-err><![CDATA[Starting ChromeDriver 105.0.5195.52 (412c95e518836d8a7d97250d62b29c2ae6a26a85-refs/branch-heads/5195@{#853}) on port 23509
Only local connections are allowed.
Please see https://chromedriver.chromium.org/security-considerations for suggestions on keeping ChromeDriver safe.
ChromeDriver was started successfully.
Sep 27, 2022 7:42:26 AM org.openqa.selenium.remote.ProtocolHandshake createSession
INFO: Detected dialect: W3C
]]></system-err>
  </testcase>
  <testcase name="insurance_Calculate[{Insurant_Country=Sweden, Vehicle_Annual_Mileage=100.0, Insurant_Firstname=Savali, Insurant_Lastname=NNNN, Producy_Damageinsurance=Partial Coverage, Vehicle_Date_Of_Manufacture=09/04/2001, Insurant_Hobby=Speeding,Other, Product_Start_Date=12/12/2027, priceValidation_Platinum=507.0, Product_Optionalproduct=Euro Protection, Vehicle_Eng_Performance=100.0, Vehicle_Make=Ford, Vehicle_List_Price=1000.0, priceValidation_Silver=87.0, priceValidation_Ultimate=967.0, Inusrant_Gender=Female, TC no=3.0, Vehicle_Model=Moped, Insurant_DateofBirth=12/12/1998, Insurant_Occupation=Farmer, Vehicle_No_of_Seats_Motorcycle=2.0, Vehicle_CylinderCapcity=100.0, priceValidation_Gold=238.0, TC Name=Verify Insurance premium for Ford Moped, Insurant_Zipcode=444061.0, Product_Insurancesum=2.000.000,00, select_Option=Ultimate, ?=?}](3)" classname="com.insurance_calaculation_motorcycle.EndtoEnd_Test_Motorcycle" time="22.692">
    <failure message="value is not present in dropdown for WebElement:[[ChromeDriver: chrome on WINDOWS (aca4223860e91af422fcc348eaee00a1)] -&gt; id: numberofseatsmotorcycle]Value to be selected is:2.0" type="java.lang.Exception"><![CDATA[java.lang.Exception: value is not present in dropdown for WebElement:[[ChromeDriver: chrome on WINDOWS (aca4223860e91af422fcc348eaee00a1)] -> id: numberofseatsmotorcycle]Value to be selected is:2.0
	at com.reusablecomponent.Common_Methods.selectDropdownOption(Common_Methods.java:22)
	at com.pageobjects.Enter_Vehicle_DataPage.enter_VechicleData(Enter_Vehicle_DataPage.java:84)
	at com.insurance_calaculation_motorcycle.EndtoEnd_Test_Motorcycle.insurance_Calculate(EndtoEnd_Test_Motorcycle.java:35)
	at sun.reflect.NativeMethodAccessorImpl.invoke0(Native Method)
	at sun.reflect.NativeMethodAccessorImpl.invoke(Unknown Source)
	at sun.reflect.DelegatingMethodAccessorImpl.invoke(Unknown Source)
	at java.lang.reflect.Method.invoke(Unknown Source)
	at org.testng.internal.MethodInvocationHelper.invokeMethod(MethodInvocationHelper.java:134)
	at org.testng.internal.TestInvoker.invokeMethod(TestInvoker.java:597)
	at org.testng.internal.TestInvoker.invokeTestMethod(TestInvoker.java:173)
	at org.testng.internal.MethodRunner.runInSequence(MethodRunner.java:46)
	at org.testng.internal.TestInvoker$MethodInvocationAgent.invoke(TestInvoker.java:816)
	at org.testng.internal.TestInvoker.invokeTestMethods(TestInvoker.java:146)
	at org.testng.internal.TestMethodWorker.invokeTestMethods(TestMethodWorker.java:146)
	at org.testng.internal.TestMethodWorker.run(TestMethodWorker.java:128)
	at java.util.ArrayList.forEach(Unknown Source)
	at org.testng.TestRunner.privateRun(TestRunner.java:766)
	at org.testng.TestRunner.run(TestRunner.java:587)
	at org.testng.SuiteRunner.runTest(SuiteRunner.java:384)
	at org.testng.SuiteRunner.runSequentially(SuiteRunner.java:378)
	at org.testng.SuiteRunner.privateRun(SuiteRunner.java:337)
	at org.testng.SuiteRunner.run(SuiteRunner.java:286)
	at org.testng.SuiteRunnerWorker.runSuite(SuiteRunnerWorker.java:53)
	at org.testng.SuiteRunnerWorker.run(SuiteRunnerWorker.java:96)
	at org.testng.TestNG.runSuitesSequentially(TestNG.java:1187)
	at org.testng.TestNG.runSuitesLocally(TestNG.java:1109)
	at org.testng.TestNG.runSuites(TestNG.java:1039)
	at org.testng.TestNG.run(TestNG.java:1007)
	at org.apache.maven.surefire.testng.TestNGExecutor.run(TestNGExecutor.java:324)
	at org.apache.maven.surefire.testng.TestNGXmlTestSuite.execute(TestNGXmlTestSuite.java:74)
	at org.apache.maven.surefire.testng.TestNGProvider.invoke(TestNGProvider.java:123)
	at org.apache.maven.surefire.booter.ForkedBooter.runSuitesInProcess(ForkedBooter.java:456)
	at org.apache.maven.surefire.booter.ForkedBooter.execute(ForkedBooter.java:169)
	at org.apache.maven.surefire.booter.ForkedBooter.run(ForkedBooter.java:595)
	at org.apache.maven.surefire.booter.ForkedBooter.main(ForkedBooter.java:581)
]]></failure>
    <system-err><![CDATA[Starting ChromeDriver 105.0.5195.52 (412c95e518836d8a7d97250d62b29c2ae6a26a85-refs/branch-heads/5195@{#853}) on port 44372
Only local connections are allowed.
Please see https://chromedriver.chromium.org/security-considerations for suggestions on keeping ChromeDriver safe.
ChromeDriver was started successfully.
Sep 27, 2022 7:43:14 AM org.openqa.selenium.remote.ProtocolHandshake createSession
INFO: Detected dialect: W3C
]]></system-err>
  </testcase>
</testsuite>